Log file open, 08/19/16 12:00:21
LogInit:Display: Running engine for game: FlyingExampleProject
LogPlatformFile: Not using cached read wrapper
LogInit:Display: RandInit(1481954988) SRandInit(1481954991).
LogTaskGraph: Started task graph with 4 named threads and 6 total threads with 1 sets of task threads.
LogStats: Stats thread started at 0.083834
LogInit: Version: 4.12.5-3039270+++UE4+Release-4.12
LogInit: API Version: 2992821
LogInit: Net Version: 3039270
LogDevObjectVersion: Number of dev versions registered: 13
LogDevObjectVersion:   Dev-Blueprints (B0D832E4-1F89-4F0D-ACCF-7EB736FD4AA2): 3
LogDevObjectVersion:   Dev-Build (E1C64328-A22C-4D53-A36C-8E866417BD8C): 0
LogDevObjectVersion:   Dev-Core (375EC13C-06E4-48FB-B500-84F0262A717E): 1
LogDevObjectVersion:   Dev-Editor (E4B068ED-F494-42E9-A231-DA0B2E46BB41): 2
LogDevObjectVersion:   Dev-Framework (CFFC743F-43B0-4480-9391-14DF171D2073): 6
LogDevObjectVersion:   Dev-Mobile (B02B49B5-BB20-44E9-A304-32B752E40360): 0
LogDevObjectVersion:   Dev-Networking (A4E4105C-59A1-49B5-A7C5-40C4547EDFEE): 0
LogDevObjectVersion:   Dev-Online (39C831C9-5AE6-47DC-9A44-9C173E1C8E7C): 0
LogDevObjectVersion:   Dev-Physics (78F01B33-EBEA-4F98-B9B4-84EACCB95AA2): 0
LogDevObjectVersion:   Dev-Platform (6631380F-2D4D-43E0-8009-CF276956A95A): 0
LogDevObjectVersion:   Dev-Rendering (12F88B9F-8875-4AFC-A67C-D90C383ABD29): 2
LogDevObjectVersion:   Dev-Sequencer (7B5AE74C-D270-4C10-A958-57980B212A5A): 0
LogDevObjectVersion:   Dev-VR (D7296918-1DD6-4BDD-9DE2-64A83CC13884): 0
LogInit: Compiled (64-bit): Jul  6 2016 09:09:46
LogInit: Compiled with Visual C++: 19.00.23026.00
LogInit: Build Configuration: Development
LogInit: Branch Name: ++UE4+Release-4.12
LogInit: Command line: -EpicPortal 
LogInit: Base directory: C:/Program Files (x86)/Epic Games/4.12/Engine/Binaries/Win64/
LogInit: Installed Engine Build: 1
LogInit: Using libcurl 7.41.0
LogInit:  - built for x86_64-pc-win32
LogInit:  - supports SSL with WinSSL
LogInit:  - other features:
LogInit:      CURL_VERSION_SSL
LogInit:      CURL_VERSION_IPV6
LogInit:      CURL_VERSION_ASYNCHDNS
LogInit:      CURL_VERSION_LARGEFILE
LogInit:      CURL_VERSION_IDN
LogInit:  CurlRequestOptions (configurable via config and command line):
LogInit:  - bVerifyPeer = true  - Libcurl will verify peer certificate
LogInit:  - bUseHttpProxy = false  - Libcurl will NOT use HTTP proxy
LogInit:  - bDontReuseConnections = false  - Libcurl will reuse connections
LogInit:  - CertBundlePath = nullptr  - Libcurl will use whatever was configured at build time.
LogInit: Presizing for max 8388607 objects, including 0 objects not considered by GC, pre-allocating 0 bytes for permanent pool.
LogInit: Object subsystem initialized
[2016.08.19-16.00.21:643][  0]LogInit: Selected Device Profile: [Windows]
[2016.08.19-16.00.21:643][  0]LogInit: Applying CVar settings loaded from the selected device profile: [Windows]
[2016.08.19-16.00.21:666][  0]LogInit: Computer: DESKTOP-GDCRLMM
[2016.08.19-16.00.21:666][  0]LogInit: User: thesy
[2016.08.19-16.00.21:666][  0]LogInit: CPU Page size=65536, Cores=3
[2016.08.19-16.00.21:666][  0]LogInit: High frequency timer resolution =3.233451 MHz
[2016.08.19-16.00.21:666][  0]LogMemory: Memory total: Physical=15.9GB (16GB approx)
[2016.08.19-16.00.21:666][  0]LogMemory: Platform Memory Stats for Windows
[2016.08.19-16.00.21:666][  0]LogMemory: Process Physical Memory: 189.92 MB used, 189.92 MB peak
[2016.08.19-16.00.21:666][  0]LogMemory: Process Virtual Memory: 195.04 MB used, 195.04 MB peak
[2016.08.19-16.00.21:667][  0]LogMemory: Physical Memory: 7702.65 MB used, 16328.28 MB total
[2016.08.19-16.00.21:667][  0]LogMemory: Virtual Memory: 552.20 MB used, 134217728.00 MB total
[2016.08.19-16.00.21:699][  0]LogTextLocalizationManager: No specific translations for ('en-US') exist, so ('en') translations will be used.
[2016.08.19-16.00.22:324][  0]LogD3D11RHI: D3D11 adapters:
[2016.08.19-16.00.22:367][  0]LogD3D11RHI:    0. 'AMD Radeon (TM) R9 Fury Series' (Feature Level 11_0)
[2016.08.19-16.00.22:367][  0]LogD3D11RHI:       4074/0/8164 MB DedicatedVideo/DedicatedSystem/SharedSystem, Outputs:2, VendorId:0x1002
[2016.08.19-16.00.22:369][  0]LogD3D11RHI:    1. 'Microsoft Basic Render Driver' (Feature Level 11_0)
[2016.08.19-16.00.22:369][  0]LogD3D11RHI:       0/0/8164 MB DedicatedVideo/DedicatedSystem/SharedSystem, Outputs:0, VendorId:0x1414
[2016.08.19-16.00.22:369][  0]LogD3D11RHI: Chosen D3D11 Adapter: 0
[2016.08.19-16.00.22:378][  0]LogD3D11RHI: Creating new Direct3DDevice
[2016.08.19-16.00.22:378][  0]LogD3D11RHI:     GPU DeviceId: 0x7300 (for the marketing name, search the web for "GPU Device Id")
[2016.08.19-16.00.22:378][  0]LogWindows: EnumDisplayDevices:
[2016.08.19-16.00.22:378][  0]LogWindows:    0. 'AMD Radeon (TM) R9 Fury Series' (P:1 D:1)
[2016.08.19-16.00.22:379][  0]LogWindows:    1. 'AMD Radeon (TM) R9 Fury Series' (P:0 D:1)
[2016.08.19-16.00.22:380][  0]LogWindows:    2. 'AMD Radeon (TM) R9 Fury Series' (P:0 D:0)
[2016.08.19-16.00.22:380][  0]LogWindows:    3. 'AMD Radeon (TM) R9 Fury Series' (P:0 D:0)
[2016.08.19-16.00.22:381][  0]LogWindows:    4. 'AMD Radeon (TM) R9 Fury Series' (P:0 D:0)
[2016.08.19-16.00.22:381][  0]LogWindows:    5. 'AMD Radeon (TM) R9 Fury Series' (P:0 D:0)
[2016.08.19-16.00.22:382][  0]LogWindows: DebugString: FoundDriverCount:6 
[2016.08.19-16.00.22:382][  0]LogD3D11RHI:     Adapter Name: AMD Radeon (TM) R9 Fury Series
[2016.08.19-16.00.22:382][  0]LogD3D11RHI:   Driver Version: Crimson 16.4.1 (internal:16.150.2211.1001, unified:16.150.2211.1001)
[2016.08.19-16.00.22:382][  0]LogD3D11RHI:      Driver Date: 4-3-2016
[2016.08.19-16.00.22:382][  0]LogRHI: Texture pool is 1361 MB (70% of 1945 MB)
[2016.08.19-16.00.22:411][  0]LogD3D11RHI: Async texture creation disabled: no driver support
[2016.08.19-16.00.22:427][  0]LogD3D11RHI: GPU Timing Frequency: 25.000000 (Debug: 2 1)
[2016.08.19-16.00.22:428][  0]LogShaderCompilers: Guid format shader working directory is -30 characters bigger than the processId version (../../../../../../Users/thesy/Documents/Unreal Projects/FlyingExampleProject/Intermediate/Shaders/WorkingDirectory/1944/).
[2016.08.19-16.00.22:428][  0]LogShaderCompilers: Cleaned the shader compiler working directory 'C:/Users/thesy/AppData/Local/Temp/UnrealShaderWorkingDir/CE7C07D045C50A50EA3137837BE65E91/'.
[2016.08.19-16.00.22:428][  0]LogShaderCompilers:Display: Using Local Shader Compiler.
[2016.08.19-16.00.23:856][  0]LogTemp:Display: Loaded TP AllDesktopTargetPlatform
[2016.08.19-16.00.23:872][  0]LogTemp:Display: Loaded TP WindowsClientTargetPlatform
[2016.08.19-16.00.23:888][  0]LogTemp:Display: Loaded TP WindowsNoEditorTargetPlatform
[2016.08.19-16.00.23:904][  0]LogTemp:Display: Loaded TP WindowsServerTargetPlatform
[2016.08.19-16.00.23:917][  0]LogTemp:Display: Loaded TP WindowsTargetPlatform
[2016.08.19-16.00.23:930][  0]LogTemp:Display: Loaded TP AndroidTargetPlatform
[2016.08.19-16.00.23:943][  0]LogTemp:Display: Loaded TP Android_ASTCTargetPlatform
[2016.08.19-16.00.23:957][  0]LogTemp:Display: Loaded TP Android_ATCTargetPlatform
[2016.08.19-16.00.23:971][  0]LogTemp:Display: Loaded TP Android_DXTTargetPlatform
[2016.08.19-16.00.23:984][  0]LogTemp:Display: Loaded TP Android_ETC1TargetPlatform
[2016.08.19-16.00.23:998][  0]LogTemp:Display: Loaded TP Android_ETC2TargetPlatform
[2016.08.19-16.00.24:025][  0]LogTemp:Display: Loaded TP Android_MultiTargetPlatform
[2016.08.19-16.00.24:025][  0]LogTemp:Display: Loaded TP Android_PVRTCTargetPlatform
[2016.08.19-16.00.24:026][  0]LogTemp:Display: Loaded TP HTML5TargetPlatform
[2016.08.19-16.00.24:055][  0]LogTemp:Display: Loaded TP IOSTargetPlatform
[2016.08.19-16.00.24:068][  0]LogTemp:Display: Loaded TP TVOSTargetPlatform
[2016.08.19-16.00.24:081][  0]LogTemp:Display: Loaded TP LinuxNoEditorTargetPlatform
[2016.08.19-16.00.24:094][  0]LogTemp:Display: Loaded TP LinuxServerTargetPlatform
[2016.08.19-16.00.24:108][  0]LogTemp:Display: Loaded TP LinuxTargetPlatform
[2016.08.19-16.00.24:108][  0]LogTargetPlatformManager:Display: Building Assets For Windows
[2016.08.19-16.00.24:220][  0]LogDerivedDataCache:Display: Max Cache Size: 512 MB
[2016.08.19-16.00.24:322][  0]LogDerivedDataCache: Loaded boot cache 0.10s 48MB C:/Users/thesy/AppData/Local/UnrealEngine/4.12/DerivedDataCache/Boot.ddc.
[2016.08.19-16.00.24:322][  0]LogDerivedDataCache:Display: Loaded Boot cache: C:/Users/thesy/AppData/Local/UnrealEngine/4.12/DerivedDataCache/Boot.ddc
[2016.08.19-16.00.24:322][  0]LogDerivedDataCache: FDerivedDataBackendGraph:  Pak pak cache file ../../../../../../Users/thesy/Documents/Unreal Projects/FlyingExampleProject/DerivedDataCache/DDC.ddp not found, will not use a pak cache.
[2016.08.19-16.00.24:322][  0]LogDerivedDataCache: Unable to find inner node Pak for hierarchical cache Hierarchy.
[2016.08.19-16.00.24:323][  0]LogDerivedDataCache: FDerivedDataBackendGraph:  CompressedPak pak cache file ../../../../../../Users/thesy/Documents/Unreal Projects/FlyingExampleProject/DerivedDataCache/Compressed.ddp not found, will not use a pak cache.
[2016.08.19-16.00.24:323][  0]LogDerivedDataCache: Unable to find inner node CompressedPak for hierarchical cache Hierarchy.
[2016.08.19-16.00.24:350][  0]LogDerivedDataCache:Display: Pak cache opened for reading ../../../Engine/DerivedDataCache/Compressed.ddp.
[2016.08.19-16.00.24:363][  0]LogDerivedDataCache: Using Local data cache path C:/Users/thesy/AppData/Local/UnrealEngine/Common/DerivedDataCache: Writable
[2016.08.19-16.00.24:674][  0]LogInit: Selected Device Profile: [Windows]
[2016.08.19-16.00.24:675][  0]LogContentStreaming: Texture pool size is 0.00 MB
[2016.08.19-16.00.24:918][  0]LogMeshUtilities: No automatic mesh reduction module available
[2016.08.19-16.00.24:918][  0]LogMeshUtilities: No automatic mesh merging module available
[2016.08.19-16.00.24:918][  0]LogMeshUtilities: No distributed automatic mesh merging module available
[2016.08.19-16.00.25:389][  0]LogAssetRegistry: FAssetRegistry took 0.0222 seconds to start up
[2016.08.19-16.00.25:436][  0]LogPackageLocalizationCache: Processed 3 localized package path(s) for 2 prioritized culture(s) in 0.042080 seconds
[2016.08.19-16.00.25:447][  0]LogUObjectArray: 28739 objects as part of root set at end of initial load.
[2016.08.19-16.00.25:447][  0]LogUObjectAllocator: 5855624 out of 0 bytes used by permanent object pool.
[2016.08.19-16.00.25:447][  0]LogUObjectArray: CloseDisregardForGC: 0/0 objects in disregard for GC pool
[2016.08.19-16.00.25:461][  0]LogInit: WinSock: version 1.1 (2.2), MaxSocks=32767, MaxUdp=65467
[2016.08.19-16.00.25:730][  0]LogSlate: SlateFontCache - WITH_FREETYPE: 1, WITH_HARFBUZZ: 1
[2016.08.19-16.00.25:730][  0]LogSlate: SlateFontCache - WITH_FREETYPE: 1, WITH_HARFBUZZ: 1
[2016.08.19-16.00.26:664][  0]LogUdpMessaging: Initializing bridge on interface 0.0.0.0:0 to multicast group 230.0.0.1:6666.
[2016.08.19-16.00.26:937][  0]SourceControl: Info Source control is disabled
[2016.08.19-16.00.27:004][  0]SourceControl: Info Source control is disabled
[2016.08.19-16.00.27:017][  0]SourceControl: Info Source control is disabled
[2016.08.19-16.00.27:029][  0]SourceControl: Info Source control is disabled
[2016.08.19-16.00.27:315][  0]LogEngine: Initializing Engine...
[2016.08.19-16.00.27:317][  0]LogHMD: SteamVR failed to initialize.  Err: 100
[2016.08.19-16.00.27:318][  0]LogHMD: SteamVR failed to initialize.  Err: 100
[2016.08.19-16.00.27:523][  0]LogAIModule: Creating AISystem for world NewWorld
[2016.08.19-16.00.27:544][  0]LogInit: XAudio2 using 'Speakers (Realtek High Definition Audio)' : 8 channels at 48 kHz using 32 bits per sample (channel mask 0x63f)
[2016.08.19-16.00.27:587][  0]LogInit: FAudioDevice initialized.
[2016.08.19-16.00.27:638][  0]LogDerivedDataCache: Saved boot cache 0.05s 48MB C:/Users/thesy/AppData/Local/UnrealEngine/4.12/DerivedDataCache/Boot.ddc.
[2016.08.19-16.00.27:654][  0]LogInit: Texture streaming: Enabled
[2016.08.19-16.00.27:686][  0]LogInit: Transaction tracking system initialized
[2016.08.19-16.00.27:718][  0]BlueprintLog: New page: Editor Load
[2016.08.19-16.00.27:821][  0]LocalizationService: Info Localization service is disabled
[2016.08.19-16.00.27:910][  0]LogConsoleResponse:Display: 
[2016.08.19-16.00.28:081][  0]LogCook:Display: Max memory allowance for cook 8192mb
[2016.08.19-16.00.28:081][  0]LogCook:Display: Mobile HDR setting 1
[2016.08.19-16.00.28:236][  0]LogFileCache: Scanning file cache for directory 'C:/Users/thesy/Documents/Unreal Projects/FlyingExampleProject/Content/' took 0.02s
[2016.08.19-16.00.28:236][  0]SourceControl: Info Source control is disabled
[2016.08.19-16.00.28:443][  0]LogWindowsTextInputMethodSystem:Display: IME system now deactivated.
[2016.08.19-16.00.39:982][  0]LogWindowsTextInputMethodSystem:Display: IME system now deactivated.
[2016.08.19-16.00.40:072][  0]LogWindowsTextInputMethodSystem:Display: IME system now deactivated.
[2016.08.19-16.00.45:453][  0]LogWindowsTextInputMethodSystem:Display: IME system now deactivated.
[2016.08.19-16.00.45:502][  0]LogWindowsTextInputMethodSystem:Display: IME system now deactivated.
[2016.08.19-16.00.45:504][  0]Cmd: MAP LOAD FILE="../../../../../../Users/thesy/Documents/Unreal Projects/FlyingExampleProject/Content/FlyingBP/Maps/FlyingExampleMap.umap" TEMPLATE=0 SHOWPROGRESS=1 FEATURELEVEL=3
[2016.08.19-16.00.45:504][  0]LightingResults: New page: Lighting Build
[2016.08.19-16.00.45:510][  0]MapCheck: New page: Map Check
[2016.08.19-16.00.45:510][  0]LightingResults: New page: Lighting Build
[2016.08.19-16.00.46:301][  0]LogAIModule: Creating AISystem for world FlyingExampleMap
[2016.08.19-16.00.46:338][  0]LogEditorServer: Finished looking for orphan Actors (0.000 secs)
[2016.08.19-16.00.46:340][  0]Cmd: MAP CHECKDEP NOCLEARLOG
[2016.08.19-16.00.46:470][  0]MapCheck: Info Map check complete: 0 Error(s), 0 Warning(s), took 130.273ms to complete.
[2016.08.19-16.00.46:471][  0]LogFileHelpers: Loading map 'FlyingExampleMap' took 0.967
[2016.08.19-16.00.46:870][  0]LogStats:Warning: MetaData mismatch. Did you assign a stat to two groups? New //STATGROUP_Threads//SplashScreenThread///Thread_2530_0///####STATCAT_Advanced#### old //STATGROUP_Threads//SplashScreenThread///Thread_b50_0///####STATCAT_Advanced####
[2016.08.19-16.00.46:870][  0]LogCollectionManager: Loaded 1 collections in 0.002916 seconds
[2016.08.19-16.00.46:970][  0]LogFileCache: Scanning file cache for directory 'C:/Users/thesy/Documents/Unreal Projects/FlyingExampleProject/Saved/Collections/' took 0.01s
[2016.08.19-16.00.46:970][  0]LogFileCache: Scanning file cache for directory 'C:/Users/thesy/Documents/Unreal Projects/FlyingExampleProject/Content/Developers/thesy/Collections/' took 0.01s
[2016.08.19-16.00.46:970][  0]LogFileCache: Scanning file cache for directory 'C:/Users/thesy/Documents/Unreal Projects/FlyingExampleProject/Content/Collections/' took 0.01s
[2016.08.19-16.00.46:970][  0]LogCollectionManager: Rebuilt the GUID cache for 1 collections in 0.000007 seconds
[2016.08.19-16.00.46:970][  0]LogCollectionManager: Rebuilt the hierarchy cache for 1 collections in 0.000000 seconds
[2016.08.19-16.00.46:986][  0]LogContentBrowser: Native class hierarchy populated in 0.0157 seconds. Added 2047 classes and 369 folders.
[2016.08.19-16.00.46:992][  0]LogStats: UGameplayTagsManager::ConstructGameplayTagTree: Construct from data asset -  0.000 s
[2016.08.19-16.00.46:992][  0]LogStats: UGameplayTagsManager::ConstructGameplayTagTree: GameplayTagTreeChangedEvent.Broadcast -  0.000 s
[2016.08.19-16.00.46:992][  0]LogContentBrowser: Native class hierarchy updated for 'GameplayTags' in 0.0007 seconds. Added 12 classes and 0 folders.
[2016.08.19-16.00.46:999][  0]LogContentBrowser: Native class hierarchy updated for 'WidgetCarousel' in 0.0005 seconds. Added 0 classes and 0 folders.
[2016.08.19-16.00.47:056][  0]LogContentBrowser: Native class hierarchy updated for 'AddContentDialog' in 0.0006 seconds. Added 0 classes and 0 folders.
[2016.08.19-16.00.47:061][  0]LogContentBrowser: Native class hierarchy updated for 'SceneOutliner' in 0.0005 seconds. Added 1 classes and 2 folders.
[2016.08.19-16.00.47:136][  0]LogCrashTracker: Crashtracker disabled due t