Log file open, 08/19/16 11:25:33
LogInit:Display: Running engine for game: FlyingExampleProject
LogPlatformFile: Not using cached read wrapper
LogInit:Display: RandInit(-975618041) SRandInit(-975618039).
LogTaskGraph: Started task graph with 4 named threads and 6 total threads with 1 sets of task threads.
LogStats: Stats thread started at 0.087107
LogInit: Version: 4.12.5-3039270+++UE4+Release-4.12
LogInit: API Version: 2992821
LogInit: Net Version: 3039270
LogDevObjectVersion: Number of dev versions registered: 13
LogDevObjectVersion:   Dev-Blueprints (B0D832E4-1F89-4F0D-ACCF-7EB736FD4AA2): 3
LogDevObjectVersion:   Dev-Build (E1C64328-A22C-4D53-A36C-8E866417BD8C): 0
LogDevObjectVersion:   Dev-Core (375EC13C-06E4-48FB-B500-84F0262A717E): 1
LogDevObjectVersion:   Dev-Editor (E4B068ED-F494-42E9-A231-DA0B2E46BB41): 2
LogDevObjectVersion:   Dev-Framework (CFFC743F-43B0-4480-9391-14DF171D2073): 6
LogDevObjectVersion:   Dev-Mobile (B02B49B5-BB20-44E9-A304-32B752E40360): 0
LogDevObjectVersion:   Dev-Networking (A4E4105C-59A1-49B5-A7C5-40C4547EDFEE): 0
LogDevObjectVersion:   Dev-Online (39C831C9-5AE6-47DC-9A44-9C173E1C8E7C): 0
LogDevObjectVersion:   Dev-Physics (78F01B33-EBEA-4F98-B9B4-84EACCB95AA2): 0
LogDevObjectVersion:   Dev-Platform (6631380F-2D4D-43E0-8009-CF276956A95A): 0
LogDevObjectVersion:   Dev-Rendering (12F88B9F-8875-4AFC-A67C-D90C383ABD29): 2
LogDevObjectVersion:   Dev-Sequencer (7B5AE74C-D270-4C10-A958-57980B212A5A): 0
LogDevObjectVersion:   Dev-VR (D7296918-1DD6-4BDD-9DE2-64A83CC13884): 0
LogInit: Compiled (64-bit): Jul  6 2016 09:09:46
LogInit: Compiled with Visual C++: 19.00.23026.00
LogInit: Build Configuration: Development
LogInit: Branch Name: ++UE4+Release-4.12
LogInit: Command line: -EpicPortal 
LogInit: Base directory: C:/Program Files (x86)/Epic Games/4.12/Engine/Binaries/Win64/
LogInit: Installed Engine Build: 1
LogInit: Using libcurl 7.41.0
LogInit:  - built for x86_64-pc-win32
LogInit:  - supports SSL with WinSSL
LogInit:  - other features:
LogInit:      CURL_VERSION_SSL
LogInit:      CURL_VERSION_IPV6
LogInit:      CURL_VERSION_ASYNCHDNS
LogInit:      CURL_VERSION_LARGEFILE
LogInit:      CURL_VERSION_IDN
LogInit:  CurlRequestOptions (configurable via config and command line):
LogInit:  - bVerifyPeer = true  - Libcurl will verify peer certificate
LogInit:  - bUseHttpProxy = false  - Libcurl will NOT use HTTP proxy
LogInit:  - bDontReuseConnections = false  - Libcurl will reuse connections
LogInit:  - CertBundlePath = nullptr  - Libcurl will use whatever was configured at build time.
LogInit: Presizing for max 8388607 objects, including 0 objects not considered by GC, pre-allocating 0 bytes for permanent pool.
LogInit: Object subsystem initialized
[2016.08.19-15.25.33:483][  0]LogInit: Selected Device Profile: [Windows]
[2016.08.19-15.25.33:483][  0]LogInit: Applying CVar settings loaded from the selected device profile: [Windows]
[2016.08.19-15.25.33:507][  0]LogInit: Computer: DESKTOP-GDCRLMM
[2016.08.19-15.25.33:507][  0]LogInit: User: thesy
[2016.08.19-15.25.33:507][  0]LogInit: CPU Page size=65536, Cores=3
[2016.08.19-15.25.33:507][  0]LogInit: High frequency timer resolution =3.233451 MHz
[2016.08.19-15.25.33:507][  0]LogMemory: Memory total: Physical=15.9GB (16GB approx)
[2016.08.19-15.25.33:507][  0]LogMemory: Platform Memory Stats for Windows
[2016.08.19-15.25.33:507][  0]LogMemory: Process Physical Memory: 189.93 MB used, 189.93 MB peak
[2016.08.19-15.25.33:507][  0]LogMemory: Process Virtual Memory: 195.05 MB used, 195.05 MB peak
[2016.08.19-15.25.33:507][  0]LogMemory: Physical Memory: 7745.13 MB used, 16328.28 MB total
[2016.08.19-15.25.33:507][  0]LogMemory: Virtual Memory: 552.20 MB used, 134217728.00 MB total
[2016.08.19-15.25.33:539][  0]LogTextLocalizationManager: No specific translations for ('en-US') exist, so ('en') translations will be used.
[2016.08.19-15.25.34:231][  0]LogD3D11RHI: D3D11 adapters:
[2016.08.19-15.25.34:280][  0]LogD3D11RHI:    0. 'AMD Radeon (TM) R9 Fury Series' (Feature Level 11_0)
[2016.08.19-15.25.34:280][  0]LogD3D11RHI:       4074/0/8164 MB DedicatedVideo/DedicatedSystem/SharedSystem, Outputs:2, VendorId:0x1002
[2016.08.19-15.25.34:282][  0]LogD3D11RHI:    1. 'Microsoft Basic Render Driver' (Feature Level 11_0)
[2016.08.19-15.25.34:282][  0]LogD3D11RHI:       0/0/8164 MB DedicatedVideo/DedicatedSystem/SharedSystem, Outputs:0, VendorId:0x1414
[2016.08.19-15.25.34:282][  0]LogD3D11RHI: Chosen D3D11 Adapter: 0
[2016.08.19-15.25.34:290][  0]LogD3D11RHI: Creating new Direct3DDevice
[2016.08.19-15.25.34:291][  0]LogD3D11RHI:     GPU DeviceId: 0x7300 (for the marketing name, search the web for "GPU Device Id")
[2016.08.19-15.25.34:291][  0]LogWindows: EnumDisplayDevices:
[2016.08.19-15.25.34:291][  0]LogWindows:    0. 'AMD Radeon (TM) R9 Fury Series' (P:1 D:1)
[2016.08.19-15.25.34:291][  0]LogWindows:    1. 'AMD Radeon (TM) R9 Fury Series' (P:0 D:1)
[2016.08.19-15.25.34:292][  0]LogWindows:    2. 'AMD Radeon (TM) R9 Fury Series' (P:0 D:0)
[2016.08.19-15.25.34:293][  0]LogWindows:    3. 'AMD Radeon (TM) R9 Fury Series' (P:0 D:0)
[2016.08.19-15.25.34:293][  0]LogWindows:    4. 'AMD Radeon (TM) R9 Fury Series' (P:0 D:0)
[2016.08.19-15.25.34:294][  0]LogWindows:    5. 'AMD Radeon (TM) R9 Fury Series' (P:0 D:0)
[2016.08.19-15.25.34:294][  0]LogWindows: DebugString: FoundDriverCount:6 
[2016.08.19-15.25.34:294][  0]LogD3D11RHI:     Adapter Name: AMD Radeon (TM) R9 Fury Series
[2016.08.19-15.25.34:294][  0]LogD3D11RHI:   Driver Version: Crimson 16.4.1 (internal:16.150.2211.1001, unified:16.150.2211.1001)
[2016.08.19-15.25.34:294][  0]LogD3D11RHI:      Driver Date: 4-3-2016
[2016.08.19-15.25.34:294][  0]LogRHI: Texture pool is 1361 MB (70% of 1945 MB)
[2016.08.19-15.25.34:328][  0]LogD3D11RHI: Async texture creation disabled: no driver support
[2016.08.19-15.25.34:344][  0]LogD3D11RHI: GPU Timing Frequency: 25.000000 (Debug: 2 1)
[2016.08.19-15.25.34:346][  0]LogShaderCompilers: Guid format shader working directory is -30 characters bigger than the processId version (../../../../../../Users/thesy/Documents/Unreal Projects/FlyingExampleProject/Intermediate/Shaders/WorkingDirectory/9508/).
[2016.08.19-15.25.34:346][  0]LogShaderCompilers: Cleaned the shader compiler working directory 'C:/Users/thesy/AppData/Local/Temp/UnrealShaderWorkingDir/B0E5664B4096A00EDC8DC8A4DF84A4B8/'.
[2016.08.19-15.25.34:346][  0]LogShaderCompilers:Display: Using Local Shader Compiler.
[2016.08.19-15.25.35:855][  0]LogTemp:Display: Loaded TP AllDesktopTargetPlatform
[2016.08.19-15.25.35:871][  0]LogTemp:Display: Loaded TP WindowsClientTargetPlatform
[2016.08.19-15.25.35:886][  0]LogTemp:Display: Loaded TP WindowsNoEditorTargetPlatform
[2016.08.19-15.25.35:902][  0]LogTemp:Display: Loaded TP WindowsServerTargetPlatform
[2016.08.19-15.25.35:917][  0]LogTemp:Display: Loaded TP WindowsTargetPlatform
[2016.08.19-15.25.35:932][  0]LogTemp:Display: Loaded TP AndroidTargetPlatform
[2016.08.19-15.25.35:946][  0]LogTemp:Display: Loaded TP Android_ASTCTargetPlatform
[2016.08.19-15.25.35:959][  0]LogTemp:Display: Loaded TP Android_ATCTargetPlatform
[2016.08.19-15.25.35:973][  0]LogTemp:Display: Loaded TP Android_DXTTargetPlatform
[2016.08.19-15.25.35:986][  0]LogTemp:Display: Loaded TP Android_ETC1TargetPlatform
[2016.08.19-15.25.36:000][  0]LogTemp:Display: Loaded TP Android_ETC2TargetPlatform
[2016.08.19-15.25.36:026][  0]LogTemp:Display: Loaded TP Android_MultiTargetPlatform
[2016.08.19-15.25.36:026][  0]LogTemp:Display: Loaded TP Android_PVRTCTargetPlatform
[2016.08.19-15.25.36:028][  0]LogTemp:Display: Loaded TP HTML5TargetPlatform
[2016.08.19-15.25.36:056][  0]LogTemp:Display: Loaded TP IOSTargetPlatform
[2016.08.19-15.25.36:070][  0]LogTemp:Display: Loaded TP TVOSTargetPlatform
[2016.08.19-15.25.36:083][  0]LogTemp:Display: Loaded TP LinuxNoEditorTargetPlatform
[2016.08.19-15.25.36:098][  0]LogTemp:Display: Loaded TP LinuxServerTargetPlatform
[2016.08.19-15.25.36:112][  0]LogTemp:Display: Loaded TP LinuxTargetPlatform
[2016.08.19-15.25.36:112][  0]LogTargetPlatformManager:Display: Building Assets For Windows
[2016.08.19-15.25.36:221][  0]LogDerivedDataCache:Display: Max Cache Size: 512 MB
[2016.08.19-15.25.36:341][  0]LogDerivedDataCache: Loaded boot cache 0.12s 62MB C:/Users/thesy/AppData/Local/UnrealEngine/4.12/DerivedDataCache/Boot.ddc.
[2016.08.19-15.25.36:342][  0]LogDerivedDataCache:Display: Loaded Boot cache: C:/Users/thesy/AppData/Local/UnrealEngine/4.12/DerivedDataCache/Boot.ddc
[2016.08.19-15.25.36:342][  0]LogDerivedDataCache: FDerivedDataBackendGraph:  Pak pak cache file ../../../../../../Users/thesy/Documents/Unreal Projects/FlyingExampleProject/DerivedDataCache/DDC.ddp not found, will not use a pak cache.
[2016.08.19-15.25.36:342][  0]LogDerivedDataCache: Unable to find inner node Pak for hierarchical cache Hierarchy.
[2016.08.19-15.25.36:342][  0]LogDerivedDataCache: FDerivedDataBackendGraph:  CompressedPak pak cache file ../../../../../../Users/thesy/Documents/Unreal Projects/FlyingExampleProject/DerivedDataCache/Compressed.ddp not found, will not use a pak cache.
[2016.08.19-15.25.36:342][  0]LogDerivedDataCache: Unable to find inner node CompressedPak for hierarchical cache Hierarchy.
[2016.08.19-15.25.36:372][  0]LogDerivedDataCache:Display: Pak cache opened for reading ../../../Engine/DerivedDataCache/Compressed.ddp.
[2016.08.19-15.25.36:384][  0]LogDerivedDataCache: Using Local data cache path C:/Users/thesy/AppData/Local/UnrealEngine/Common/DerivedDataCache: Writable
[2016.08.19-15.25.36:706][  0]LogInit: Selected Device Profile: [Windows]
[2016.08.19-15.25.36:707][  0]LogContentStreaming: Texture pool size is 0.00 MB
[2016.08.19-15.25.36:955][  0]LogMeshUtilities: No automatic mesh reduction module available
[2016.08.19-15.25.36:955][  0]LogMeshUtilities: No automatic mesh merging module available
[2016.08.19-15.25.36:955][  0]LogMeshUtilities: No distributed automatic mesh merging module available
[2016.08.19-15.25.37:433][  0]LogAssetRegistry: FAssetRegistry took 0.0212 seconds to start up
[2016.08.19-15.25.37:486][  0]LogPackageLocalizationCache: Processed 3 localized package path(s) for 2 prioritized culture(s) in 0.048590 seconds
[2016.08.19-15.25.37:496][  0]LogUObjectArray: 28739 objects as part of root set at end of initial load.
[2016.08.19-15.25.37:496][  0]LogUObjectAllocator: 5855632 out of 0 bytes used by permanent object pool.
[2016.08.19-15.25.37:496][  0]LogUObjectArray: CloseDisregardForGC: 0/0 objects in disregard for GC pool
[2016.08.19-15.25.37:509][  0]LogInit: WinSock: version 1.1 (2.2), MaxSocks=32767, MaxUdp=65467
[2016.08.19-15.25.37:774][  0]LogSlate: SlateFontCache - WITH_FREETYPE: 1, WITH_HARFBUZZ: 1
[2016.08.19-15.25.37:774][  0]LogSlate: SlateFontCache - WITH_FREETYPE: 1, WITH_HARFBUZZ: 1
[2016.08.19-15.25.38:724][  0]LogUdpMessaging: Initializing bridge on interface 0.0.0.0:0 to multicast group 230.0.0.1:6666.
[2016.08.19-15.25.39:022][  0]SourceControl: Info Source control is disabled
[2016.08.19-15.25.39:023][  0]SourceControl: Info Source control is disabled
[2016.08.19-15.25.39:037][  0]SourceControl: Info Source control is disabled
[2016.08.19-15.25.39:048][  0]SourceControl: Info Source control is disabled
[2016.08.19-15.25.39:360][  0]LogEngine: Initializing Engine...
[2016.08.19-15.25.39:361][  0]LogHMD: SteamVR failed to initialize.  Err: 100
[2016.08.19-15.25.39:362][  0]LogHMD: SteamVR failed to initialize.  Err: 100
[2016.08.19-15.25.39:604][  0]LogAIModule: Creating AISystem for world NewWorld
[2016.08.19-15.25.39:630][  0]LogInit: XAudio2 using 'Speakers (Realtek High Definition Audio)' : 8 channels at 48 kHz using 32 bits per sample (channel mask 0x63f)
[2016.08.19-15.25.39:660][  0]LogInit: FAudioDevice initialized.
[2016.08.19-15.25.39:724][  0]LogDerivedDataCache: Saved boot cache 0.06s 48MB C:/Users/thesy/AppData/Local/UnrealEngine/4.12/DerivedDataCache/Boot.ddc.
[2016.08.19-15.25.39:739][  0]LogInit: Texture streaming: Enabled
[2016.08.19-15.25.39:775][  0]LogInit: Transaction tracking system initialized
[2016.08.19-15.25.39:818][  0]BlueprintLog: New page: Editor Load
[2016.08.19-15.25.39:926][  0]LocalizationService: Info Localization service is disabled
[2016.08.19-15.25.40:010][  0]LogConsoleResponse:Display: 
[2016.08.19-15.25.40:160][  0]LogCook:Display: Max memory allowance for cook 8192mb
[2016.08.19-15.25.40:160][  0]LogCook:Display: Mobile HDR setting 1
[2016.08.19-15.25.40:305][  0]LogFileCache: Scanning file cache for directory 'C:/Users/thesy/Documents/Unreal Projects/FlyingExampleProject/Content/' took 0.02s
[2016.08.19-15.25.40:305][  0]SourceControl: Info Source control is disabled
[2016.08.19-15.25.40:305][  0]Cmd: MAP LOAD FILE="../../../../../../Users/thesy/Documents/Unreal Projects/FlyingExampleProject/Content/FlyingBP/Maps/FlyingExampleMap.umap" TEMPLATE=0 SHOWPROGRESS=1 FEATURELEVEL=3
[2016.08.19-15.25.40:311][  0]LightingResults: New page: Lighting Build
[2016.08.19-15.25.40:316][  0]MapCheck: New page: Map Check
[2016.08.19-15.25.40:316][  0]LightingResults: New page: Lighting Build
[2016.08.19-15.25.40:995][  0]LogTexture:Display: Building textures: HQ_Lightmap1_1 (AutoDXT)
[2016.08.19-15.25.41:622][  0]LogTexture:Display: Building textures: HQ_Lightmap1_2 (AutoDXT)
[2016.08.19-15.25.42:006][  0]LogTexture:Display: Building textures: HQ_Lightmap1_3 (AutoDXT)
[2016.08.19-15.25.42:599][  0]LogTexture:Display: Building textures: HQ_Lightmap1_4 (AutoDXT)
[2016.08.19-15.25.42:657][  0]LogTexture:Display: Building textures: HQ_Lightmap1_5 (AutoDXT)
[2016.08.19-15.25.42:681][  0]LogTexture:Display: Building textures: LQ_Lightmap_1_1 (DXT1)
[2016.08.19-15.25.42:955][  0]LogTexture:Display: Building textures: LQ_Lightmap_1_2 (DXT1)
[2016.08.19-15.25.43:153][  0]LogTexture:Display: Building textures: LQ_Lightmap_1_3 (DXT1)
[2016.08.19-15.25.43:436][  0]LogTexture:Display: Building textures: LQ_Lightmap_1_4 (DXT1)
[2016.08.19-15.25.43:462][  0]LogTexture:Display: Building textures: LQ_Lightmap_1_5 (DXT1)
[2016.08.19-15.25.43:481][  0]LogTexture:Display: Building textures: SkyOcclusion1_1 (AutoDXT)
[2016.08.19-15.25.43:848][  0]LogTexture:Display: Building textures: SkyOcclusion1_2 (AutoDXT)
[2016.08.19-15.25.44:068][  0]LogTexture:Display: Building textures: SkyOcclusion1_3 (AutoDXT)
[2016.08.19-15.25.44:375][  0]LogTexture:Display: Building textures: SkyOcclusion1_4 (AutoDXT)
[2016.08.19-15.25.44:411][  0]LogTexture:Display: Building textures: SkyOcclusion1_5 (AutoDXT)
[2016.08.19-15.25.44:543][  0]LogAIModule: Creating AISystem for world FlyingExampleMap
[2016.08.19-15.25.44:571][  0]LogEditorServer: Finished looking for orphan Actors (0.000 secs)
[2016.08.19-15.25.44:574][  0]Cmd: MAP CHECKDEP NOCLEARLOG
[2016.08.19-15.25.44:661][  0]MapCheck: Info Map check complete: 0 Error(s), 0 Warning(s), took 87.487ms to complete.
[2016.08.19-15.25.44:661][  0]LogFileHelpers: Loading map 'FlyingExampleMap' took 4.356
[2016.08.19-15.25.45:179][  0]LogCollectionManager: Loaded 1 collections in 0.006705 seconds
[2016.08.19-15.25.45:297][  0]LogFileCache: Scanning file cache for directory 'C:/Users/thesy/Documents/Unreal Projects/FlyingExampleProject/Saved/Collections/' took 0.01s
[2016.08.19-15.25.45:297][  0]LogFileCache: Scanning file cache for directory 'C:/Users/thesy/Documents/Unreal Projects/FlyingExampleProject/Content/Developers/thesy/Collections/' took 0.01s
[2016.08.19-15.25.45:297][  0]LogFileCache: Scanning file cache for directory 'C:/Users/thesy/Documents/Unreal Projects/FlyingExampleProject/Content/Collections/' took 0.01s
[2016.08.19-15.25.45:297][  0]LogCollectionManager: Rebuilt the GUID cache for 1 collections in 0.000008 seconds
[2016.08.19-15.25.45:297][  0]LogCollectionManager: Rebuilt the hierarchy cache for 1 collections in 0.000001 seconds
[2016.08.19-15.25.45:316][  0]LogContentBrowser: Native class hierarchy populated in 0.0169 seconds. Added 2047 classes and 369 folders.
[2016.08.19-15.25.45:326][  0]LogStats: UGameplayTagsManager::ConstructGameplayTagTree: Construct from data asset -  0.000 s
[2016.08.19-15.25.45:327][  0]LogStats: UGameplayTagsManager::ConstructGameplayTagTree: GameplayTagTreeChangedEvent.Broadcast -  0.000 s
[2016.08.19-15.25.45:328][  0]LogContentBrowser: Native class hierarchy updated for 'GameplayTags' in 0.0008 seconds. Added 12 classes and 0 folders.
[2016.08.19-15.25.45:337][  0]LogContentBrowser: Native class hierarchy updated for 'WidgetCarousel' in 0.0006 seconds. Added 0 classes and 0 folders.
[2016.08.19-15.25.45:711][  0]LogContentBrowser: Native class hierarchy updated for 'AddContentDialog' in 0.0006 seconds. Added 0 classes and 0 folders.
[2016.08.19-15.25.45:722][  0]LogContentBrowser: Native class hierarchy updated for 'SceneOutliner' in 0.0006 seconds. Added 1 classes and 2 folders.
[2016.08.19-15.25.45:912][  0]LogCrashTracker: Crashtracker disabled due to settings.
[2016.08.19-15.25.45:930][  0]LogUObjectGlobals:Warning: Failed to find object 'Class None.'
[2016.08.19-15.25.45:960][  0]LogContentBrowser: Native class hierarchy updated for 'HierarchicalLODOutliner' in 0.0006 seconds. Added 1 classes and 2 folders.
[2016.08.19-15.25.45:960][  0]LogLoad: Full Startup: 13.69 seconds (BP compile: 0.12 seconds)
[2016.08.19-15.25.45:960][  0]LogExternalProfiler: No external profilers were discovered.  External profiling features will not be available.
[2016.08.19-15.25.45:970][  0]LogWindowsTextInputMethodSystem:Display: IME system now deactivated.
[2016.08.19-15.25.45:970][  0]LogOcInput: OculusInput pre-init called
[2016.08.19-15.25.46:002][  0]LogContentStreaming: Texture pool size now 1000 MB
[2016.08.19-15.25.46:390][  1]LogRenderer: Reallocating scene render targets to support 808x472 (Frame:2).
[2016.08.19-15.25.46:716][  2]LogAssetRegistry: Asset discovery search completed in 9.3038 seconds
[2016.08.19-15.25.46:716][  2]LogCollectionManager: Rebuilt the object cache for 1 collections in 0.000244 seconds (found 0 objects)
[2016.08.19-15.25.46:716][  2]LogCollectionManager: Fixed up redirectors for 1 collections in 0.000297 seconds (updated 0 objects)
[2016.08.19-15.25.51:469][487]LogRenderer: Reallocating scene render targets to support 1616x1028 (Frame:378).
[2016.08.19-15.25.52:592][588]LogEditorViewport: Clicking on Actor (LMB): StaticMeshActor (Ground)
[2016.08.19-15.25.55:378][822]LogBlueprintUserMessages: Early PlayInEditor Detection: Level '/Game/FlyingBP/Maps/FlyingExampleMap.FlyingExampleMap:PersistentLevel' has LevelScriptBlueprint '/Game/FlyingBP/Maps/FlyingExampleMap.FlyingExampleMap:PersistentLevel.FlyingExampleMap' with GeneratedClass '/Game/FlyingBP/Maps/FlyingExampleMap.FlyingExampleMap_C' with ClassGeneratedBy '/Game/FlyingBP/Maps/FlyingExampleMap.FlyingExampleMap:PersistentLevel.FlyingExampleMap'
[2016.08.19-15.25.55:378][822]LogPlayLevel: PlayLevel: No blueprints needed recompiling
[2016.08.19-15.25.55:394][822]PIE: New page: SIE session: FlyingExampleMap (Aug 19, 2016, 6:25:55 AM)
[2016.08.19-15.25.55:394][822]LogPlayLevel: Creating play world package: /Game/FlyingBP/Maps/UEDPIE_0_FlyingExampleMap
[2016.08.19-15.25.55:499][822]LogPlayLevel: PIE: StaticDuplicateObject took: (0.105226s)
[2016.08.19-15.25.55:501][822]LogAIModule: Creating AISystem for world FlyingExampleMap
[2016.08.19-15.25.55:501][822]LogPlayLevel: PIE: World Init took: (0.001501s)
[2016.08.19-15.25.55:502][822]LogPlayLevel: PIE: Created PIE world by copying editor world from /Game/FlyingBP/Maps/FlyingExampleMap.FlyingExampleMap to /Game/FlyingBP/Maps/UEDPIE_0_FlyingExampleMap.FlyingExampleMap (0.107676s)
[2016.08.19-15.25.55:558][822]LogInit: XAudio2 using 'Speakers (Realtek High Definition Audio)' : 8 channels at 48 kHz using 32 bits per sample (channel mask 0x63f)
[2016.08.19-15.25.55:574][822]LogInit: FAudioDevice initialized.
[2016.08.19-15.25.55:671][822]LogWorld: Game class is 'FlyingGameMode_C'
[2016.08.19-15.25.55:700][822]LogWorld: Bringing World /Game/FlyingBP/Maps/UEDPIE_0_FlyingExampleMap.FlyingExampleMap up for play (max tick rate 0) at 2016.08.19-11.25.55
[2016.08.19-15.25.55:702][822]LogWorld: Bringing up level for play took: 0.023733
[2016.08.19-15.25.55:716][822]LogContentBrowser: Native class hierarchy updated for 'MovieSceneCapture' in 0.0007 seconds. Added 11 classes and 0 folders.
[2016.08.19-15.25.55:718][822]PIE: Info Play in editor start time for /Game/FlyingBP/Maps/UEDPIE_0_FlyingExampleMap 0.35
[2016.08.19-15.25.55:760][822]LogBlueprintUserMessages: Late PlayInEditor Detection: Level '/Game/FlyingBP/Maps/FlyingExampleMap.FlyingExampleMap:PersistentLevel' has LevelScriptBlueprint '/Game/FlyingBP/Maps/FlyingExampleMap.FlyingExampleMap:PersistentLevel.FlyingExampleMap' with GeneratedClass '/Game/FlyingBP/Maps/FlyingExampleMap.FlyingExampleMap_C' with ClassGeneratedBy '/Game/FlyingBP/Maps/FlyingExampleMap.FlyingExampleMap:PersistentLevel.FlyingExampleMap'
[2016.08.19-15.26.08:439][924]LogBlueprintUserMessages: Early EndPlayMap Detection: Level '/Game/FlyingBP/Maps/FlyingExampleMap.FlyingExampleMap:PersistentLevel' has LevelScriptBlueprint '/Game/FlyingBP/Maps/FlyingExampleMap.FlyingExampleMap:PersistentLevel.FlyingExampleMap' with GeneratedClass '/Game/FlyingBP/Maps/FlyingExampleMap.FlyingExampleMap_C' with ClassGeneratedBy '/Game/FlyingBP/Maps/FlyingExampleMap.FlyingExampleMap:PersistentLevel.FlyingExampleMap'
[2016.08.19-15.26.08:529][924]LogBlueprintUserMessages: Late EndPlayMap Detection: Level '/Game/FlyingBP/Maps/FlyingExampleMap.FlyingExampleMap:PersistentLevel' has LevelScriptBlueprint '/Game/FlyingBP/Maps/FlyingExampleMap.FlyingExampleMap:PersistentLevel.FlyingExampleMap' with GeneratedClass '/Game/FlyingBP/Maps/FlyingExampleMap.FlyingExampleMap_C' with ClassGeneratedBy '/Game/FlyingBP/Maps/FlyingExampleMap.FlyingExampleMap:PersistentLevel.FlyingExampleMap'
[2016.08.19-15.26.16:979][620]LogSavePackage: Save=1126.37ms
[2016.08.19-15.26.16:979][620]LogSavePackage: Moving '../../../../../../Users/thesy/Documents/Unreal Projects/FlyingExampleProject/Saved/UEDPCFlyingExampleMap03E2A0D34656379FCE0F049E1811C468.tmp' to '../../../../../../Users/thesy/Documents/Unreal Projects/FlyingExampleProject/Saved/Autosaves/Game/FlyingBP/Maps/UEDPCFlyingExampleMap.umap'
[2016.08.19-15.26.16:982][620]LogSavePackage:Display: Finished SavePackage ../../../../../../Users/thesy/Documents/Unreal Projects/FlyingExampleProject/Saved/Autosaves/Game/FlyingBP/Maps/UEDPCFlyingExampleMap.umap
[2016.08.19-15.26.16:995][620]LogEditorTransaction: Undo Spawn Play From Here Start
[2016.08.19-15.27.53:888][346]LogEditorViewport: Clicking on Actor (LMB): BP_Sky_Sphere_C (SkyShereBlueprint)
[2016.08.19-15.28.14:495][140]LogContentBrowser: Native class hierarchy updated for 'BlueprintGraph' in 0.0013 seconds. Added 111 classes and 0 folders.
[2016.08.19-15.31.00:224][546]Cmd: BRUSH ADD SELECTNEWBRUSH
[2016.08.19-15.31.32:423][795]LogEditorViewport: Clicking on Actor (context menu): Brush (Spiral Stair Brush)
[2016.08.19-15.31.50:834][682]Cmd: TRANSACTION UNDO
[2016.08.19-15.31.50:834][682]LogEditorTransaction: Undo Set actor scale
[2016.08.19-15.31.51:298][691]Cmd: TRANSACTION UNDO
[2016.08.19-15.31.51:298][691]LogEditorTransaction: Undo Select Brush Surface
[2016.08.19-15.32.44:006][119]Cmd: SELECT NONE
[2016.08.19-15.34.31:699][  7]LogEditorViewport: Clicking on Actor (context menu): StaticMeshActor (TemplateCube_Rounded_149)
[2016.08.19-15.34.33:099][ 60]LogEditorViewport: Clicking on Actor (context menu): StaticMeshActor (Ground_5)
[2016.08.19-15.34.34:637][119]LogEditorViewport: Clicking on Actor (LMB): StaticMeshActor (Ground_5)
[2016.08.19-15.34.39:188][305]LogEditorViewport: Clicking on Actor (LMB): StaticMeshActor (Ground)
[2016.08.19-15.34.40:281][345]LogEditorViewport: Clicking on Actor (LMB): StaticMeshActor (TemplateCube_Rounded_100)
[2016.08.19-15.34.40:713][361]LogEditorViewport: Clicking on Component (LMB): StaticMeshComponent (StaticMeshComponent0)
[2016.08.19-15.34.41:935][418]LogEditorViewport: Clicking on Actor (LMB): BP_Sky_Sphere_C (SkyShereBlueprint)
[2016.08.19-15.34.49:449][694]LogSavePackage: Save=1141.84ms
[2016.08.19-15.34.49:450][694]LogSavePackage: Moving '../../../../../../Users/thesy/Documents/Unreal Projects/FlyingExampleProject/Saved/UEDPCFlyingExampleMapB97F16854B62FD8F008FD89C342D34D4.tmp' to '../../../../../../Users/thesy/Documents/Unreal Projects/FlyingExampleProject/Saved/Autosaves/Game/Flyi